2023-09-30 07:52:02,199 INFO o.s.b.StartupInfoLogger [main] Starting LibraryprojectApplicationTests using Java 17.0.7 with PID 25312 (started by hafiz in D:\School work\Grad_stuff\SE 452\libraryproject)
2023-09-30 07:52:02,226 INFO o.s.b.SpringApplication [main] No active profile set, falling back to 1 default profile: "default"
2023-09-30 07:52:06,176 INFO o.s.b.StartupInfoLogger [main] Started LibraryprojectApplicationTests in 4.272 seconds (process running for 5.909)
2023-09-30 07:54:35,949 INFO o.s.b.StartupInfoLogger [main] Starting LibraryprojectApplicationTests using Java 17.0.7 with PID 22692 (started by hafiz in D:\School work\Grad_stuff\SE 452\libraryproject)
2023-09-30 07:54:35,979 INFO o.s.b.SpringApplication [main] No active profile set, falling back to 1 default profile: "default"
2023-09-30 07:54:40,118 INFO o.s.b.StartupInfoLogger [main] Started LibraryprojectApplicationTests in 4.445 seconds (process running for 5.925)
2023-09-30 07:54:59,766 INFO o.s.b.StartupInfoLogger [main] Starting LibraryprojectApplicationTests using Java 17.0.7 with PID 21652 (started by hafiz in D:\School work\Grad_stuff\SE 452\libraryproject)
2023-09-30 07:54:59,786 INFO o.s.b.SpringApplication [main] No active profile set, falling back to 1 default profile: "default"
2023-09-30 07:55:03,862 INFO o.s.b.StartupInfoLogger [main] Started LibraryprojectApplicationTests in 4.411 seconds (process running for 5.752)
2023-09-30 08:16:41,009 INFO o.s.b.StartupInfoLogger [main] Starting LibraryprojectApplicationTests using Java 17.0.7 with PID 7860 (started by hafiz in D:\School work\Grad_stuff\SE 452\libraryproject)
2023-09-30 08:16:41,037 INFO o.s.b.SpringApplication [main] No active profile set, falling back to 1 default profile: "default"
2023-09-30 08:16:45,184 INFO o.s.b.StartupInfoLogger [main] Started LibraryprojectApplicationTests in 4.465 seconds (process running for 5.78)
2023-09-30 08:29:03,460 INFO o.s.b.StartupInfoLogger [main] Starting LibraryprojectApplicationTests using Java 17.0.7 with PID 28600 (started by hafiz in D:\School work\Grad_stuff\SE 452\libraryproject)
2023-09-30 08:29:03,479 INFO o.s.b.SpringApplication [main] No active profile set, falling back to 1 default profile: "default"
2023-09-30 08:29:07,598 INFO o.s.b.StartupInfoLogger [main] Started LibraryprojectApplicationTests in 4.414 seconds (process running for 5.808)
2023-10-01 17:34:02,880 INFO o.s.b.StartupInfoLogger [main] Starting LibraryprojectApplicationTests using Java 20.0.1 with PID 12348 (started by Sailendra in C:\Users\Sailendra\Documents\SE452\libraryproject)
2023-10-01 17:34:02,887 INFO o.s.b.SpringApplication [main] No active profile set, falling back to 1 default profile: "default"
2023-10-01 17:34:07,902 INFO o.s.b.StartupInfoLogger [main] Started LibraryprojectApplicationTests in 5.266 seconds (process running for 6.675)
2023-10-01 17:34:18,979 INFO e.d.c.s.f.LibraryProjectApplication [main] Library app is running...
2023-10-01 17:34:19,092 INFO e.d.c.s.f.LibraryProjectApplication [restartedMain] Library app is running...
2023-10-01 17:34:19,477 INFO o.s.b.StartupInfoLogger [restartedMain] Starting LibraryProjectApplication using Java 20.0.1 with PID 24680 (C:\Users\Sailendra\Documents\SE452\libraryproject\target\classes started by Sailendra in C:\Users\Sailendra\Documents\SE452\libraryproject)
2023-10-01 17:34:19,482 INFO o.s.b.SpringApplication [restartedMain] No active profile set, falling back to 1 default profile: "default"
2023-10-01 17:34:20,401 INFO e.d.c.s.f.LibraryProjectApplication [main] Library app is running...
2023-10-01 17:34:20,534 INFO e.d.c.s.f.LibraryProjectApplication [restartedMain] Library app is running...
2023-10-01 17:34:20,930 INFO o.s.b.StartupInfoLogger [restartedMain] Starting LibraryProjectApplication using Java 20.0.1 with PID 15164 (C:\Users\Sailendra\Documents\SE452\libraryproject\target\classes started by Sailendra in C:\Users\Sailendra\Documents\SE452\libraryproject)
2023-10-01 17:34:20,936 INFO o.s.b.SpringApplication [restartedMain] No active profile set, falling back to 1 default profile: "default"
2023-10-01 17:34:25,253 INFO o.s.b.StartupInfoLogger [restartedMain] Started LibraryProjectApplication in 6.154 seconds (process running for 6.973)
2023-10-01 17:35:06,162 INFO e.d.c.s.f.LibraryProjectApplication [main] Library app is running...
2023-10-01 17:35:06,269 INFO e.d.c.s.f.LibraryProjectApplication [restartedMain] Library app is running...
2023-10-01 17:35:06,616 INFO o.s.b.StartupInfoLogger [restartedMain] Starting LibraryProjectApplication using Java 17.0.8.1 with PID 29716 (C:\Users\Sailendra\Documents\SE452\libraryproject\target\classes started by Sailendra in C:\Users\Sailendra\Documents\SE452\libraryproject)
2023-10-01 17:35:06,621 INFO o.s.b.SpringApplication [restartedMain] No active profile set, falling back to 1 default profile: "default"
2023-10-01 17:35:13,511 INFO o.s.b.StartupInfoLogger [restartedMain] Started LibraryProjectApplication in 7.236 seconds (process running for 8.073)
2023-10-01 18:05:22,171 INFO e.d.c.s.f.LibraryProjectApplication [restartedMain] Library app is running...
2023-10-01 18:05:22,219 INFO o.s.b.StartupInfoLogger [restartedMain] Starting LibraryProjectApplication using Java 17.0.8.1 with PID 29716 (C:\Users\Sailendra\Documents\SE452\libraryproject\target\classes started by Sailendra in C:\Users\Sailendra\Documents\SE452\libraryproject)
2023-10-01 18:05:22,220 INFO o.s.b.SpringApplication [restartedMain] No active profile set, falling back to 1 default profile: "default"
2023-10-01 18:05:23,145 INFO o.s.b.StartupInfoLogger [restartedMain] Started LibraryProjectApplication in 0.965 seconds (process running for 1817.707)
2023-10-01 18:05:24,800 INFO e.d.c.s.f.LibraryProjectApplication [restartedMain] Library app is running...
2023-10-01 18:05:24,853 INFO o.s.b.StartupInfoLogger [restartedMain] Starting LibraryProjectApplication using Java 17.0.8.1 with PID 29716 (C:\Users\Sailendra\Documents\SE452\libraryproject\target\classes started by Sailendra in C:\Users\Sailendra\Documents\SE452\libraryproject)
2023-10-01 18:05:24,854 INFO o.s.b.SpringApplication [restartedMain] No active profile set, falling back to 1 default profile: "default"
2023-10-01 18:05:26,016 INFO o.s.b.StartupInfoLogger [restartedMain] Started LibraryProjectApplication in 1.211 seconds (process running for 1820.578)
2023-10-01 18:05:26,746 INFO o.s.b.StartupInfoLogger [main] Starting BookControllerTest using Java 17.0.8.1 with PID 23784 (started by Sailendra in C:\Users\Sailendra\Documents\SE452\libraryproject)
2023-10-01 18:05:26,760 INFO o.s.b.SpringApplication [main] The following 1 profile is active: "test"
2023-10-01 18:05:34,411 INFO o.s.b.StartupInfoLogger [main] Started BookControllerTest in 7.886 seconds (process running for 9.342)
2023-10-01 18:05:34,503 INFO e.d.c.s.f.l.b.BookControllerTest [main] Exception message: Book id not found : 99
2023-10-01 18:05:34,509 INFO e.d.c.s.f.l.b.BookControllerTest [main] Returned number of books: 5
2023-10-01 18:09:55,392 INFO e.d.c.s.f.LibraryProjectApplication [main] Library app is running...
2023-10-01 18:09:55,510 INFO e.d.c.s.f.LibraryProjectApplication [restartedMain] Library app is running...
2023-10-01 18:09:55,823 INFO o.s.b.StartupInfoLogger [restartedMain] Starting LibraryProjectApplication using Java 17.0.8.1 with PID 33564 (C:\Users\Sailendra\Documents\SE452\libraryproject\target\classes started by Sailendra in C:\Users\Sailendra\Documents\SE452\libraryproject)
2023-10-01 18:09:55,826 INFO o.s.b.SpringApplication [restartedMain] No active profile set, falling back to 1 default profile: "default"
2023-10-01 18:10:02,111 INFO o.s.b.StartupInfoLogger [restartedMain] Started LibraryProjectApplication in 6.595 seconds (process running for 7.32)
2023-10-01 18:10:55,863 INFO o.s.b.StartupInfoLogger [main] Starting LibraryprojectApplicationTests using Java 17.0.8.1 with PID 35020 (started by Sailendra in C:\Users\Sailendra\Documents\SE452\libraryproject)
2023-10-01 18:10:55,873 INFO o.s.b.SpringApplication [main] No active profile set, falling back to 1 default profile: "default"
2023-10-01 18:11:01,322 INFO o.s.b.StartupInfoLogger [main] Started LibraryprojectApplicationTests in 5.652 seconds (process running for 6.75)
2023-10-01 18:11:17,772 INFO o.s.b.StartupInfoLogger [main] Starting LibraryprojectApplicationTests using Java 17.0.8.1 with PID 33864 (started by Sailendra in C:\Users\Sailendra\Documents\SE452\libraryproject)
2023-10-01 18:11:17,779 INFO o.s.b.SpringApplication [main] No active profile set, falling back to 1 default profile: "default"
2023-10-01 18:11:23,165 INFO o.s.b.StartupInfoLogger [main] Started LibraryprojectApplicationTests in 5.578 seconds (process running for 6.679)
2023-10-01 18:11:31,596 INFO o.s.b.StartupInfoLogger [main] Starting LibraryprojectApplicationTests using Java 17.0.8.1 with PID 10088 (started by Sailendra in C:\Users\Sailendra\Documents\SE452\libraryproject)
2023-10-01 18:11:31,605 INFO o.s.b.SpringApplication [main] No active profile set, falling back to 1 default profile: "default"
2023-10-01 18:11:36,978 INFO o.s.b.StartupInfoLogger [main] Started LibraryprojectApplicationTests in 5.575 seconds (process running for 6.739)
2023-10-01 18:12:25,603 INFO o.s.b.StartupInfoLogger [main] Starting BookControllerTest using Java 17.0.8.1 with PID 7532 (started by Sailendra in C:\Users\Sailendra\Documents\SE452\libraryproject)
2023-10-01 18:12:25,621 INFO o.s.b.SpringApplication [main] The following 1 profile is active: "test"
2023-10-01 18:12:33,333 INFO o.s.b.StartupInfoLogger [main] Started BookControllerTest in 7.96 seconds (process running for 9.453)
2023-10-01 18:12:33,476 INFO e.d.c.s.f.l.b.BookControllerTest [main] Exception message: Book id not found : 99
2023-10-01 18:12:33,485 INFO e.d.c.s.f.l.b.BookControllerTest [main] Returned number of books: 5
2023-10-01 18:12:33,560 INFO o.s.b.StartupInfoLogger [main] Starting BookRepositoryIntegrationTest using Java 17.0.8.1 with PID 7532 (started by Sailendra in C:\Users\Sailendra\Documents\SE452\libraryproject)
2023-10-01 18:12:33,562 INFO o.s.b.SpringApplication [main] The following 1 profile is active: "test"
2023-10-01 18:12:34,421 INFO o.s.b.StartupInfoLogger [main] Started BookRepositoryIntegrationTest in 0.907 seconds (process running for 10.541)
2023-10-01 18:12:34,640 INFO e.d.c.s.f.l.b.BookRepositoryIntegrationTest [main] Testing book id 1
2023-10-01 18:12:34,809 INFO e.d.c.s.f.l.b.BookRepositoryIntegrationTest [main] Testing book id 5
2023-10-01 18:12:35,114 INFO o.s.b.StartupInfoLogger [main] Starting LibraryprojectApplicationTests using Java 17.0.8.1 with PID 7532 (started by Sailendra in C:\Users\Sailendra\Documents\SE452\libraryproject)
2023-10-01 18:12:35,116 INFO o.s.b.SpringApplication [main] No active profile set, falling back to 1 default profile: "default"
2023-10-01 18:12:35,795 INFO o.s.b.StartupInfoLogger [main] Started LibraryprojectApplicationTests in 0.712 seconds (process running for 11.915)
2023-10-01 18:12:50,821 INFO o.s.b.StartupInfoLogger [main] Starting LibraryprojectApplicationTests using Java 17.0.8.1 with PID 32920 (started by Sailendra in C:\Users\Sailendra\Documents\SE452\libraryproject)
2023-10-01 18:12:50,827 INFO o.s.b.SpringApplication [main] No active profile set, falling back to 1 default profile: "default"
2023-10-01 18:12:56,306 INFO o.s.b.StartupInfoLogger [main] Started LibraryprojectApplicationTests in 5.679 seconds (process running for 6.765)
2023-10-01 18:14:13,376 INFO o.s.b.StartupInfoLogger [main] Starting LibraryprojectApplicationTests using Java 17.0.8.1 with PID 33720 (started by Sailendra in C:\Users\Sailendra\Documents\SE452\libraryproject)
2023-10-01 18:14:13,382 INFO o.s.b.SpringApplication [main] No active profile set, falling back to 1 default profile: "default"
2023-10-01 18:14:19,045 INFO o.s.b.StartupInfoLogger [main] Started LibraryprojectApplicationTests in 5.854 seconds (process running for 6.952)
2023-10-01 18:15:49,043 INFO o.s.b.StartupInfoLogger [main] Starting BookRepositoryIntegrationTest using Java 17.0.8.1 with PID 14692 (started by Sailendra in C:\Users\Sailendra\Documents\SE452\libraryproject)
2023-10-01 18:15:49,054 INFO o.s.b.SpringApplication [main] The following 1 profile is active: "test"
2023-10-01 18:15:54,482 INFO o.s.b.StartupInfoLogger [main] Started BookRepositoryIntegrationTest in 5.646 seconds (process running for 6.794)
2023-10-01 18:15:55,043 INFO e.d.c.s.f.l.b.BookRepositoryIntegrationTest [main] Testing book id 1
2023-10-01 18:15:55,076 INFO e.d.c.s.f.l.b.BookRepositoryIntegrationTest [main] Testing book id 5
2023-10-01 18:16:09,171 INFO o.s.b.StartupInfoLogger [main] Starting BookRepositoryIntegrationTest using Java 17.0.8.1 with PID 31940 (started by Sailendra in C:\Users\Sailendra\Documents\SE452\libraryproject)
2023-10-01 18:16:09,182 INFO o.s.b.SpringApplication [main] The following 1 profile is active: "test"
2023-10-01 18:16:14,691 INFO o.s.b.StartupInfoLogger [main] Started BookRepositoryIntegrationTest in 5.741 seconds (process running for 6.887)
2023-10-01 18:16:15,299 INFO e.d.c.s.f.l.b.BookRepositoryIntegrationTest [main] Testing book id 1
2023-10-01 18:16:15,333 INFO e.d.c.s.f.l.b.BookRepositoryIntegrationTest [main] Testing book id 5
2023-10-01 18:18:43,200 INFO o.s.b.StartupInfoLogger [main] Starting BookRepositoryIntegrationTest using Java 17.0.8.1 with PID 32440 (started by Sailendra in C:\Users\Sailendra\Documents\SE452\libraryproject)
2023-10-01 18:18:43,209 INFO o.s.b.SpringApplication [main] The following 1 profile is active: "test"
2023-10-01 18:18:48,364 INFO o.s.b.StartupInfoLogger [main] Started BookRepositoryIntegrationTest in 5.372 seconds (process running for 6.526)
2023-10-01 18:18:48,922 INFO e.d.c.s.f.l.b.BookRepositoryIntegrationTest [main] Testing book id 1
2023-10-01 18:18:48,952 INFO e.d.c.s.f.l.b.BookRepositoryIntegrationTest [main] Testing book id 5
2023-10-01 18:29:09,754 INFO o.s.b.StartupInfoLogger [main] Starting BookRepositoryIntegrationTest using Java 17.0.8.1 with PID 31628 (started by Sailendra in C:\Users\Sailendra\Documents\SE452\libraryproject)
2023-10-01 18:29:09,772 INFO o.s.b.SpringApplication [main] The following 1 profile is active: "test"
2023-10-01 18:29:15,650 INFO o.s.b.StartupInfoLogger [main] Started BookRepositoryIntegrationTest in 6.099 seconds (process running for 7.276)
2023-10-01 18:29:16,222 INFO e.d.c.s.f.l.b.BookRepositoryIntegrationTest [main] Testing book id 1
2023-10-01 18:29:16,265 INFO e.d.c.s.f.l.b.BookRepositoryIntegrationTest [main] Testing book id 5
2023-10-01 18:30:02,646 INFO o.s.b.StartupInfoLogger [main] Starting BookRepositoryIntegrationTest using Java 17.0.8.1 with PID 34556 (started by Sailendra in C:\Users\Sailendra\Documents\SE452\libraryproject)
2023-10-01 18:30:02,661 INFO o.s.b.SpringApplication [main] The following 1 profile is active: "test"
2023-10-01 18:30:08,608 INFO o.s.b.StartupInfoLogger [main] Started BookRepositoryIntegrationTest in 6.171 seconds (process running for 7.352)
2023-10-01 18:30:09,169 INFO e.d.c.s.f.l.b.BookRepositoryIntegrationTest [main] Testing book id 1
2023-10-01 18:30:09,199 INFO e.d.c.s.f.l.b.BookRepositoryIntegrationTest [main] Testing book id 5
2023-10-01 18:36:31,813 INFO o.s.b.StartupInfoLogger [main] Starting BookControllerTest using Java 17.0.8.1 with PID 31552 (started by Sailendra in C:\Users\Sailendra\Documents\SE452\libraryproject)
2023-10-01 18:36:31,836 INFO o.s.b.SpringApplication [main] The following 1 profile is active: "test"
2023-10-01 18:36:39,349 INFO o.s.b.StartupInfoLogger [main] Started BookControllerTest in 7.766 seconds (process running for 9.111)
2023-10-01 18:36:39,428 INFO e.d.c.s.f.l.b.BookControllerTest [main] Exception message: Book id not found : 99
2023-10-01 18:36:39,434 INFO e.d.c.s.f.l.b.BookControllerTest [main] Returned number of books: 5
2023-10-01 18:36:39,495 INFO o.s.b.StartupInfoLogger [main] Starting BookRepositoryIntegrationTest using Java 17.0.8.1 with PID 31552 (started by Sailendra in C:\Users\Sailendra\Documents\SE452\libraryproject)
2023-10-01 18:36:39,496 INFO o.s.b.SpringApplication [main] The following 1 profile is active: "test"
2023-10-01 18:36:40,321 INFO o.s.b.StartupInfoLogger [main] Started BookRepositoryIntegrationTest in 0.869 seconds (process running for 10.082)
2023-10-01 18:36:40,566 INFO e.d.c.s.f.l.b.BookRepositoryIntegrationTest [main] Testing book id 1
2023-10-01 18:36:40,670 INFO e.d.c.s.f.l.b.BookRepositoryIntegrationTest [main] Testing book id 5
2023-10-01 18:36:40,934 INFO o.s.b.StartupInfoLogger [main] Starting LibraryprojectApplicationTests using Java 17.0.8.1 with PID 31552 (started by Sailendra in C:\Users\Sailendra\Documents\SE452\libraryproject)
2023-10-01 18:36:40,935 INFO o.s.b.SpringApplication [main] No active profile set, falling back to 1 default profile: "default"
2023-10-01 18:36:41,622 INFO o.s.b.StartupInfoLogger [main] Started LibraryprojectApplicationTests in 0.711 seconds (process running for 11.384)
2023-10-01 18:36:55,813 INFO o.s.b.StartupInfoLogger [main] Starting BookRepositoryIntegrationTest using Java 17.0.8.1 with PID 34372 (started by Sailendra in C:\Users\Sailendra\Documents\SE452\libraryproject)
2023-10-01 18:36:55,829 INFO o.s.b.SpringApplication [main] The following 1 profile is active: "test"
2023-10-01 18:37:01,753 INFO o.s.b.StartupInfoLogger [main] Started BookRepositoryIntegrationTest in 6.156 seconds (process running for 7.373)
2023-10-01 18:37:02,378 INFO e.d.c.s.f.l.b.BookRepositoryIntegrationTest [main] Testing book id 1
2023-10-01 18:37:02,409 INFO e.d.c.s.f.l.b.BookRepositoryIntegrationTest [main] Testing book id 5
2023-10-01 18:39:38,100 INFO o.s.b.StartupInfoLogger [main] Starting BookRepositoryIntegrationTest using Java 17.0.8.1 with PID 15500 (started by Sailendra in C:\Users\Sailendra\Documents\SE452\libraryproject)
2023-10-01 18:39:38,112 INFO o.s.b.SpringApplication [main] The following 1 profile is active: "test"
2023-10-01 18:39:44,088 INFO o.s.b.StartupInfoLogger [main] Started BookRepositoryIntegrationTest in 6.234 seconds (process running for 7.436)
2023-10-01 18:39:44,661 INFO e.d.c.s.f.l.b.BookRepositoryIntegrationTest [main] Testing book id 1
2023-10-01 18:39:44,693 INFO e.d.c.s.f.l.b.BookRepositoryIntegrationTest [main] Testing book id 5
2023-10-01 18:42:26,662 INFO e.d.c.s.f.LibraryProjectApplication [main] Library app is running...
2023-10-01 18:42:26,821 INFO e.d.c.s.f.LibraryProjectApplication [restartedMain] Library app is running...
2023-10-01 18:42:27,179 INFO o.s.b.StartupInfoLogger [restartedMain] Starting LibraryProjectApplication using Java 17.0.8.1 with PID 35680 (C:\Users\Sailendra\Documents\SE452\libraryproject\target\classes started by Sailendra in C:\Users\Sailendra\Documents\SE452\libraryproject)
2023-10-01 18:42:27,184 INFO o.s.b.SpringApplication [restartedMain] No active profile set, falling back to 1 default profile: "default"
2023-10-01 18:42:33,627 INFO o.s.b.StartupInfoLogger [restartedMain] Started LibraryProjectApplication in 6.8 seconds (process running for 7.604)
2023-10-01 18:43:57,778 INFO e.d.c.s.f.LibraryProjectApplication [main] Library app is running...
2023-10-01 18:43:57,896 INFO e.d.c.s.f.LibraryProjectApplication [restartedMain] Library app is running...
2023-10-01 18:43:58,211 INFO o.s.b.StartupInfoLogger [restartedMain] Starting LibraryProjectApplication using Java 17.0.8.1 with PID 33156 (C:\Users\Sailendra\Documents\SE452\libraryproject\target\classes started by Sailendra in C:\Users\Sailendra\Documents\SE452\libraryproject)
2023-10-01 18:43:58,216 INFO o.s.b.SpringApplication [restartedMain] No active profile set, falling back to 1 default profile: "default"
2023-10-01 18:44:05,149 INFO o.s.b.StartupInfoLogger [restartedMain] Started LibraryProjectApplication in 7.254 seconds (process running for 8.0)
2023-10-01 18:50:11,221 INFO o.s.b.StartupInfoLogger [main] Starting BookControllerTest using Java 17.0.8.1 with PID 34316 (started by Sailendra in C:\Users\Sailendra\Documents\SE452\libraryproject)
2023-10-01 18:50:11,232 INFO o.s.b.SpringApplication [main] The following 1 profile is active: "test"
2023-10-01 18:50:11,274 INFO e.d.c.s.f.LibraryProjectApplication [restartedMain] Library app is running...
2023-10-01 18:50:11,336 INFO o.s.b.StartupInfoLogger [restartedMain] Starting LibraryProjectApplication using Java 17.0.8.1 with PID 33156 (C:\Users\Sailendra\Documents\SE452\libraryproject\target\classes started by Sailendra in C:\Users\Sailendra\Documents\SE452\libraryproject)
2023-10-01 18:50:11,339 INFO o.s.b.SpringApplication [restartedMain] No active profile set, falling back to 1 default profile: "default"
2023-10-01 18:50:12,407 INFO o.s.b.StartupInfoLogger [restartedMain] Started LibraryProjectApplication in 1.117 seconds (process running for 375.249)
2023-10-01 18:50:19,369 INFO o.s.b.StartupInfoLogger [main] Started BookControllerTest in 8.374 seconds (process running for 9.573)
2023-10-01 18:50:19,454 INFO e.d.c.s.f.l.b.BookControllerTest [main] Exception message: Book id not found : 99
2023-10-01 18:50:19,461 INFO e.d.c.s.f.l.b.BookControllerTest [main] Returned number of books: 5
2023-10-01 18:50:30,483 INFO o.s.b.StartupInfoLogger [main] Starting BookRepositoryIntegrationTest using Java 17.0.8.1 with PID 11936 (started by Sailendra in C:\Users\Sailendra\Documents\SE452\libraryproject)
2023-10-01 18:50:30,496 INFO o.s.b.SpringApplication [main] The following 1 profile is active: "test"
2023-10-01 18:50:35,991 INFO o.s.b.StartupInfoLogger [main] Started BookRepositoryIntegrationTest in 5.739 seconds (process running for 6.938)
2023-10-01 18:50:36,514 INFO e.d.c.s.f.l.b.BookRepositoryIntegrationTest [main] Testing book id 1
2023-10-01 18:50:36,544 INFO e.d.c.s.f.l.b.BookRepositoryIntegrationTest [main] Testing book id 5
2023-10-01 20:29:38,980 INFO e.d.c.s.f.LibraryProjectApplication [main] Library app is running...
2023-10-01 20:29:39,167 INFO e.d.c.s.f.LibraryProjectApplication [restartedMain] Library app is running...
2023-10-01 20:29:39,756 INFO o.s.b.StartupInfoLogger [restartedMain] Starting LibraryProjectApplication using Java 17.0.8.1 with PID 35320 (C:\Users\Sailendra\Documents\SE452\libraryproject\target\classes started by Sailendra in C:\Users\Sailendra\Documents\SE452\libraryproject)
2023-10-01 20:29:39,762 INFO o.s.b.SpringApplication [restartedMain] No active profile set, falling back to 1 default profile: "default"
2023-10-01 20:29:50,337 INFO o.s.b.StartupInfoLogger [restartedMain] Started LibraryProjectApplication in 11.159 seconds (process running for 12.368)
2023-10-01 20:33:27,119 INFO e.d.c.s.f.LibraryProjectApplication [main] Library app is running...
2023-10-01 20:33:27,313 INFO e.d.c.s.f.LibraryProjectApplication [restartedMain] Library app is running...
2023-10-01 20:33:27,812 INFO o.s.b.StartupInfoLogger [restartedMain] Starting LibraryProjectApplication using Java 17.0.8.1 with PID 34308 (C:\Users\Sailendra\Documents\SE452\libraryproject\target\classes started by Sailendra in C:\Users\Sailendra\Documents\SE452\libraryproject)
2023-10-01 20:33:27,819 INFO o.s.b.SpringApplication [restartedMain] No active profile set, falling back to 1 default profile: "default"
2023-10-01 20:33:38,663 INFO o.s.b.StartupInfoLogger [restartedMain] Started LibraryProjectApplication in 11.341 seconds (process running for 12.501)
2023-10-01 20:35:27,873 INFO e.d.c.s.f.LibraryProjectApplication [main] Library app is running...
2023-10-01 20:35:28,048 INFO e.d.c.s.f.LibraryProjectApplication [restartedMain] Library app is running...
2023-10-01 20:35:28,539 INFO o.s.b.StartupInfoLogger [restartedMain] Starting LibraryProjectApplication using Java 17.0.8.1 with PID 35536 (C:\Users\Sailendra\Documents\SE452\libraryproject\target\classes started by Sailendra in C:\Users\Sailendra\Documents\SE452\libraryproject)
2023-10-01 20:35:28,545 INFO o.s.b.SpringApplication [restartedMain] No active profile set, falling back to 1 default profile: "default"
2023-10-01 20:35:38,802 INFO o.s.b.StartupInfoLogger [restartedMain] Started LibraryProjectApplication in 10.745 seconds (process running for 11.989)
2023-10-01 20:38:16,793 INFO e.d.c.s.f.LibraryProjectApplication [main] Library app is running...
2023-10-01 20:38:16,978 INFO e.d.c.s.f.LibraryProjectApplication [restartedMain] Library app is running...
2023-10-01 20:38:17,499 INFO o.s.b.StartupInfoLogger [restartedMain] Starting LibraryProjectApplication using Java 17.0.8.1 with PID 5908 (C:\Users\Sailendra\Documents\SE452\libraryproject\target\classes started by Sailendra in C:\Users\Sailendra\Documents\SE452\libraryproject)
2023-10-01 20:38:17,512 INFO o.s.b.SpringApplication [restartedMain] No active profile set, falling back to 1 default profile: "default"
2023-10-01 20:38:27,767 INFO o.s.b.StartupInfoLogger [restartedMain] Started LibraryProjectApplication in 10.779 seconds (process running for 11.958)
2023-10-01 20:40:51,549 INFO e.d.c.s.f.LibraryProjectApplication [restartedMain] Library app is running...
2023-10-01 20:40:51,646 INFO o.s.b.StartupInfoLogger [restartedMain] Starting LibraryProjectApplication using Java 17.0.8.1 with PID 5908 (C:\Users\Sailendra\Documents\SE452\libraryproject\target\classes started by Sailendra in C:\Users\Sailendra\Documents\SE452\libraryproject)
2023-10-01 20:40:51,648 INFO o.s.b.SpringApplication [restartedMain] No active profile set, falling back to 1 default profile: "default"
2023-10-01 20:40:52,856 INFO o.s.b.StartupInfoLogger [main] Starting BookControllerTest using Java 17.0.8.1 with PID 28840 (started by Sailendra in C:\Users\Sailendra\Documents\SE452\libraryproject)
2023-10-01 20:40:52,888 INFO o.s.b.SpringApplication [main] The following 1 profile is active: "test"
2023-10-01 20:40:53,483 INFO o.s.b.StartupInfoLogger [restartedMain] Started LibraryProjectApplication in 1.922 seconds (process running for 157.673)
2023-10-01 20:41:05,468 INFO o.s.b.StartupInfoLogger [main] Started BookControllerTest in 13.063 seconds (process running for 15.151)
2023-10-01 20:41:05,615 INFO e.d.c.s.f.l.b.BookControllerTest [main] Exception message: Book id not found : 99
2023-10-01 20:41:05,627 INFO e.d.c.s.f.l.b.BookControllerTest [main] Returned number of books: 5
2023-10-01 20:41:16,516 INFO o.s.b.StartupInfoLogger [main] Starting BookRepositoryIntegrationTest using Java 17.0.8.1 with PID 18480 (started by Sailendra in C:\Users\Sailendra\Documents\SE452\libraryproject)
2023-10-01 20:41:16,533 INFO o.s.b.SpringApplication [main] The following 1 profile is active: "test"
2023-10-01 20:41:26,014 INFO o.s.b.StartupInfoLogger [main] Started BookRepositoryIntegrationTest in 9.867 seconds (process running for 11.729)
2023-10-01 20:41:26,926 INFO e.d.c.s.f.l.b.BookRepositoryIntegrationTest [main] Testing book id 1
2023-10-01 20:41:26,983 INFO e.d.c.s.f.l.b.BookRepositoryIntegrationTest [main] Testing book id 5
